[debug] [2023-02-24T18:00:18.758Z] ----------------------------------------------------------------------
[debug] [2023-02-24T18:00:18.761Z] Command:       /home/trini/.nvm/versions/node/v18.13.0/bin/node /home/trini/.nvm/versions/node/v18.13.0/bin/firebase init hosting
[debug] [2023-02-24T18:00:18.762Z] CLI Version:   11.24.0
[debug] [2023-02-24T18:00:18.762Z] Platform:      linux
[debug] [2023-02-24T18:00:18.762Z] Node Version:  v18.13.0
[debug] [2023-02-24T18:00:18.763Z] Time:          Fri Feb 24 2023 15:00:18 GMT-0300 (hora estándar de Uruguay)
[debug] [2023-02-24T18:00:18.763Z] ----------------------------------------------------------------------
[debug] 
[debug] [2023-02-24T18:00:18.858Z] > command requires scopes: ["email","openid","https://www.googleapis.com/auth/cloudplatformprojects.readonly","https://www.googleapis.com/auth/firebase","https://www.googleapis.com/auth/cloud-platform"]
[debug] [2023-02-24T18:00:18.859Z] > authorizing via signed-in user (saluylib@gmail.com)
[info] 
     ######## #### ########  ######## ########     ###     ######  ########
     ##        ##  ##     ## ##       ##     ##  ##   ##  ##       ##
     ######    ##  ########  ######   ########  #########  ######  ######
     ##        ##  ##    ##  ##       ##     ## ##     ##       ## ##
     ##       #### ##     ## ######## ########  ##     ##  ######  ########

You're about to initialize a Firebase project in this directory:

  /home/trini/repos/Sofka/Angular/Demo-Angular-Firebase

Before we get started, keep in mind:

  * You are initializing within an existing Firebase project directory

[info] 
=== Project Setup
[info] 
[info] First, let's associate this project directory with a Firebase project.
[info] You can create multiple project aliases by running firebase use --add, 
[info] but for now we'll just set up a default project.
[info] 
[debug] [2023-02-24T18:00:18.865Z] Using project from CLI flag: angular-demo-1-f5c1b
[debug] [2023-02-24T18:00:18.868Z] >>> [apiv2][query] GET https://firebase.googleapis.com/v1beta1/projects/angular-demo-1-f5c1b [none]
[debug] [2023-02-24T18:00:19.306Z] <<< [apiv2][status] GET https://firebase.googleapis.com/v1beta1/projects/angular-demo-1-f5c1b 200
[debug] [2023-02-24T18:00:19.306Z] <<< [apiv2][body] GET https://firebase.googleapis.com/v1beta1/projects/angular-demo-1-f5c1b {"projectId":"angular-demo-1-f5c1b","projectNumber":"1081558712252","displayName":"angular-demo-1","name":"projects/angular-demo-1-f5c1b","resources":{"hostingSite":"angular-demo-1-f5c1b"},"state":"ACTIVE","etag":"1_e1dd1cdb-87e9-44d7-91c0-c913ecfad2dd"}
[info] i  Using project angular-demo-1-f5c1b (angular-demo-1) 
[info] 
=== Hosting Setup
[info] 
[info] Your public directory is the folder (relative to your project directory) that
[info] will contain Hosting assets to be uploaded with firebase deploy. If you
[info] have a build process for your assets, use your build's output directory.
[info] 
